<?xml version="1.0" encoding="UTF-8"?>
<!-- Generated by org.testng.reporters.JUnitReportReporter -->
<testsuite hostname="DESKTOP-O0EVOC1" failures="0" tests="3" name="TestNgAnnotations.GroupForPractise" time="0.017" errors="0" timestamp="2022-03-12T10:51:20 IST" skipped="0">
  <testcase classname="TestNgAnnotations.GroupForPractise" name="Method4" time="0.002"/>
  <system-out/>
  <testcase classname="TestNgAnnotations.GroupForPractise" name="Method1" time="0.012"/>
  <system-out/>
  <testcase classname="TestNgAnnotations.GroupForPractise" name="Method2" time="0.003"/>
  <system-out/>
</testsuite> <!-- TestNgAnnotations.GroupForPractise -->
