<?xml version="1.0" encoding="UTF-8"?>
<!-- Generated by org.testng.reporters.JUnitReportReporter -->
<testsuite hostname="DESKTOP-O0EVOC1" failures="0" tests="3" name="TestNgAnnotations.ParaMeterForPractise" time="0.015" errors="0" timestamp="2022-03-12T10:59:59 IST" skipped="0">
  <testcase classname="TestNgAnnotations.ParaMeterForPractise" name="Method3" time="0.002"/>
  <system-out/>
  <testcase classname="TestNgAnnotations.ParaMeterForPractise" name="Method2" time="0.002"/>
  <system-out/>
  <testcase classname="TestNgAnnotations.ParaMeterForPractise" name="Method1" time="0.011"/>
  <system-out/>
</testsuite> <!-- TestNgAnnotations.ParaMeterForPractise -->
