<?xml version="1.0" encoding="UTF-8"?>
<!-- Generated by org.testng.reporters.JUnitReportReporter -->
<testsuite hostname="DESKTOP-O0EVOC1" failures="0" tests="2" name="TestNgAnnotations.dependsOnDemo" time="0.012" errors="0" timestamp="2022-03-17T16:48:52 IST" skipped="0">
  <testcase classname="TestNgAnnotations.dependsOnDemo" name="Method2" time="0.011"/>
  <system-out/>
  <testcase classname="TestNgAnnotations.dependsOnDemo" name="Method1" time="0.001"/>
  <system-out/>
</testsuite> <!-- TestNgAnnotations.dependsOnDemo -->
