<?xml version="1.0" encoding="UTF-8"?>
<!-- Generated by org.testng.reporters.JUnitReportReporter -->
<testsuite hostname="DESKTOP-O0EVOC1" failures="0" tests="3" name="TestNgAnnotations.groupsDemo" time="0.019" errors="0" timestamp="2022-03-10T13:47:39 IST" skipped="0">
  <testcase classname="TestNgAnnotations.groupsDemo" name="Method4" time="0.003"/>
  <system-out/>
  <testcase classname="TestNgAnnotations.groupsDemo" name="Method1" time="0.014"/>
  <system-out/>
  <testcase classname="TestNgAnnotations.groupsDemo" name="Method3" time="0.002"/>
  <system-out/>
</testsuite> <!-- TestNgAnnotations.groupsDemo -->
