<?xml version="1.0" encoding="UTF-8"?>
<!-- Generated by org.testng.reporters.JUnitReportReporter -->
<testsuite hostname="DESKTOP-O0EVOC1" failures="0" tests="2" name="TestNgAnnotations.DataProviderDemo" time="0.014" errors="0" timestamp="2022-03-11T14:07:13 IST" skipped="0">
  <testcase classname="TestNgAnnotations.DataProviderDemo" name="TestDataProvider" time="0.002"/>
  <system-out/>
  <testcase classname="TestNgAnnotations.DataProviderDemo" name="TestDataProvider" time="0.012"/>
  <system-out/>
</testsuite> <!-- TestNgAnnotations.DataProviderDemo -->
