<?xml version="1.0" encoding="UTF-8"?>
<!-- Generated by org.testng.reporters.JUnitReportReporter -->
<testsuite hostname="DESKTOP-O0EVOC1" failures="0" tests="3" name="TestNgAnnotations.Demo2" time="0.006" errors="0" timestamp="2022-03-10T11:39:27 IST" skipped="0">
  <testcase classname="TestNgAnnotations.Demo2" name="Method1" time="0.002"/>
  <system-out/>
  <testcase classname="TestNgAnnotations.Demo2" name="Method2" time="0.002"/>
  <system-out/>
  <testcase classname="TestNgAnnotations.Demo2" name="Method3" time="0.002"/>
  <system-out/>
</testsuite> <!-- TestNgAnnotations.Demo2 -->
