<?xml version="1.0" encoding="UTF-8"?>
<!-- Generated by org.testng.reporters.JUnitReportReporter -->
<testsuite hostname="DESKTOP-O0EVOC1" failures="0" tests="4" name="TestNgAnnotations.Demo3" time="0.018" errors="0" timestamp="2022-03-17T17:24:50 IST" skipped="1">
  <testcase classname="TestNgAnnotations.Demo3" name="Method3" time="0.002"/>
  <system-out/>
  <testcase classname="TestNgAnnotations.Demo3" name="Method1" time="0.012"/>
  <system-out/>
  <testcase classname="TestNgAnnotations.Demo3" name="Method4" time="0.004"/>
  <system-out/>
  <testcase classname="TestNgAnnotations.Demo3" name="Method2">
    <skipped/>
  </testcase> <!-- Method2 -->
  <system-out/>
</testsuite> <!-- TestNgAnnotations.Demo3 -->
