<?xml version="1.0" encoding="UTF-8"?>
<!-- Generated by org.testng.reporters.JUnitReportReporter -->
<testsuite hostname="DESKTOP-O0EVOC1" failures="0" tests="2" name="TestNgAnnotations.Demo1" time="0.013" errors="0" timestamp="2022-03-10T11:39:27 IST" skipped="0">
  <testcase classname="TestNgAnnotations.Demo1" name="Method10" time="0.004"/>
  <system-out/>
  <testcase classname="TestNgAnnotations.Demo1" name="Method1" time="0.009"/>
  <system-out/>
</testsuite> <!-- TestNgAnnotations.Demo1 -->
